<?xml version="1.0" encoding="UTF-8"?>
<!-- Generated by org.testng.reporters.JUnitReportReporter -->
<testsuite hostname="LAPTOP-JI6I8DAU" failures="0" tests="1" name="testing.FormsComponentsTest" time="13.408" errors="0" timestamp="2025-02-16T11:55:54 COT" skipped="0">
  <testcase classname="testing.FormsComponentsTest" name="FormsInteractions" time="13.408"/>
</testsuite> <!-- testing.FormsComponentsTest -->
