<?xml version="1.0" encoding="UTF-8"?>
<!-- Generated by org.testng.reporters.JUnitReportReporter -->
<testsuite hostname="LAPTOP-JI6I8DAU" failures="0" tests="1" name="testing.LoginTest" time="14.333" errors="0" timestamp="2025-02-16T11:55:54 COT" skipped="0">
  <testcase classname="testing.LoginTest" name="LoginWithCredentials" time="14.333"/>
</testsuite> <!-- testing.LoginTest -->
